<?xml version="1.0" encoding="UTF-8"?>
<!-- Generated by org.testng.reporters.JUnitXMLReporter -->
<testsuite hostname="LP-CND5160BZR" ignored="2" name="@Parameter Concept of TestNG" tests="4" failures="0" timestamp="12 Oct 2018 04:25:19 GMT" time="0.096" errors="0">
  <testcase name="Car1" time="0.024" classname="com.testng.part2.TestngGropusTest"/>
  <testcase name="Car2" time="0.006" classname="com.testng.part2.TestngGropusTest"/>
  <testcase name="Sedan1" time="0.003" classname="com.testng.part2.TestngGropusTest"/>
  <testcase name="car3" time="0.002" classname="com.testng.part2.TestngGropusTest"/>
  <testcase name="Scooter1" time="0.0" classname="com.testng.part2.TestngGropusTest">
    <ignored/>
  </testcase> <!-- Scooter1 -->
  <testcase name="Scooter2" time="0.0" classname="com.testng.part2.TestngGropusTest">
    <ignored/>
  </testcase> <!-- Scooter2 -->
</testsuite> <!-- @Parameter Concept of TestNG -->
